<?xml version="1.0" encoding="UTF-8"?>
<!-- Generated by org.testng.reporters.JUnitReportReporter -->
<testsuite hostname="DESKTOP-3EF8ESB" failures="0" tests="2" name="com.Vtiger.TC.TC003_CreateContactWithOrganizationTest" time="61.860" errors="0" timestamp="2021-12-22T10:23:47 IST" skipped="0">
  <testcase classname="com.Vtiger.TC.TC003_CreateContactWithOrganizationTest" name="createContactSmoke" time="28.866"/>
  <system-out/>
  <testcase classname="com.Vtiger.TC.TC003_CreateContactWithOrganizationTest" name="createContactWithOrg" time="32.994"/>
  <system-out/>
</testsuite> <!-- com.Vtiger.TC.TC003_CreateContactWithOrganizationTest -->
