<?xml version="1.0" encoding="UTF-8"?>
<!-- Generated by org.testng.reporters.JUnitReportReporter -->
<testsuite hostname="DESKTOP-I4J4Q23" failures="0" tests="1" name="JDBCpractice.ExecuteUpdateTest" time="0.496" errors="0" timestamp="2021-12-07T17:49:59 IST" skipped="0">
  <testcase classname="JDBCpractice.ExecuteUpdateTest" name="executeUpdateTest" time="0.496"/>
  <system-out/>
</testsuite> <!-- JDBCpractice.ExecuteUpdateTest -->
