<?xml version="1.0" encoding="UTF-8"?>
<!-- Generated by org.testng.reporters.JUnitReportReporter -->
<testsuite hostname="DESKTOP-I4J4Q23" failures="0" tests="1" name="com.SDET2.Rdata.SampleTest" time="32.979" errors="0" timestamp="2021-12-16T16:24:18 IST" skipped="0">
  <testcase classname="com.SDET2.Rdata.SampleTest" name="cmdLineParameter" time="32.979"/>
  <system-out/>
</testsuite> <!-- com.SDET2.Rdata.SampleTest -->
