<?xml version="1.0" encoding="UTF-8"?>
<!-- Generated by org.testng.reporters.JUnitReportReporter -->
<testsuite hostname="DESKTOP-I4J4Q23" failures="0" tests="2" name="com.Vtiger.TC.TC001_CreateOrganizationTest" time="96.588" errors="0" timestamp="2021-12-13T11:23:22 IST" skipped="1">
  <testcase classname="com.Vtiger.TC.TC001_CreateOrganizationTest" name="createOrganization" time="62.309">
    <skipped/>
  </testcase> <!-- createOrganization -->
  <system-out/>
  <testcase classname="com.Vtiger.TC.TC001_CreateOrganizationTest" name="createOrganization" time="34.279"/>
  <system-out/>
</testsuite> <!-- com.Vtiger.TC.TC001_CreateOrganizationTest -->
