<?xml version="1.0" encoding="UTF-8"?>
<!-- Generated by org.testng.reporters.JUnitReportReporter -->
<testsuite hostname="DESKTOP-3EF8ESB" failures="0" tests="1" name="com.Vtiger.TC.TC002_CreateOrganizationWithDropdownTest" time="27.429" errors="0" timestamp="2021-12-22T10:01:08 IST" skipped="0">
  <testcase classname="com.Vtiger.TC.TC002_CreateOrganizationWithDropdownTest" name="createOrgWithDD" time="27.429"/>
  <system-out/>
</testsuite> <!-- com.Vtiger.TC.TC002_CreateOrganizationWithDropdownTest -->
