<?xml version="1.0" encoding="UTF-8"?>
<!-- Generated by org.testng.reporters.JUnitReportReporter -->
<testsuite hostname="DESKTOP-I4J4Q23" failures="0" tests="1" name="JDBCpractice.ExecuteQueryTest" time="0.508" errors="0" timestamp="2021-12-07T17:25:53 IST" skipped="0">
  <testcase classname="JDBCpractice.ExecuteQueryTest" name="executeQueryTest" time="0.508"/>
  <system-out/>
</testsuite> <!-- JDBCpractice.ExecuteQueryTest -->
