<?xml version="1.0" encoding="UTF-8"?>
<!-- Generated by org.testng.reporters.JUnitReportReporter -->
<testsuite hostname="DESKTOP-3EF8ESB" failures="0" tests="4" name="com.Vtiger.GenericUtil.NewDataProvider" time="0.026" errors="0" timestamp="2021-12-21T15:55:16 IST" skipped="0">
  <testcase classname="com.Vtiger.GenericUtil.NewDataProvider" name="print" time="0.003"/>
  <system-out/>
  <testcase classname="com.Vtiger.GenericUtil.NewDataProvider" name="print" time="0.006"/>
  <system-out/>
  <testcase classname="com.Vtiger.GenericUtil.NewDataProvider" name="print" time="0.003"/>
  <system-out/>
  <testcase classname="com.Vtiger.GenericUtil.NewDataProvider" name="print" time="0.014"/>
  <system-out/>
</testsuite> <!-- com.Vtiger.GenericUtil.NewDataProvider -->
