<?xml version="1.0" encoding="UTF-8"?>
<!-- Generated by org.testng.reporters.JUnitReportReporter -->
<testsuite hostname="DESKTOP-I4J4Q23" failures="0" tests="1" name="com.Vtiger.TC.TC003_CreateContactWithOrganizationTest" time="62.160" errors="0" timestamp="2021-12-13T11:23:22 IST" skipped="0">
  <testcase classname="com.Vtiger.TC.TC003_CreateContactWithOrganizationTest" name="createContactSmoke" time="62.160"/>
  <system-out/>
</testsuite> <!-- com.Vtiger.TC.TC003_CreateContactWithOrganizationTest -->
