<?xml version="1.0" encoding="UTF-8"?>
<!-- Generated by org.testng.reporters.JUnitReportReporter -->
<testsuite hostname="DESKTOP-I4J4Q23" failures="0" tests="4" name="com.Vtiger.GenericUtil.NewDataProvider" time="0.017" errors="0" timestamp="2021-12-10T14:25:25 IST" skipped="0">
  <testcase classname="com.Vtiger.GenericUtil.NewDataProvider" name="print" time="0.003"/>
  <system-out/>
  <testcase classname="com.Vtiger.GenericUtil.NewDataProvider" name="print" time="0.010"/>
  <system-out/>
  <testcase classname="com.Vtiger.GenericUtil.NewDataProvider" name="print" time="0.002"/>
  <system-out/>
  <testcase classname="com.Vtiger.GenericUtil.NewDataProvider" name="print" time="0.002"/>
  <system-out/>
</testsuite> <!-- com.Vtiger.GenericUtil.NewDataProvider -->
